loading user data...
loading publication data...
loading job data...
start analysis...
PURGE_RST 2016-01-04 23:59:59 57910000 [37963000, 808600, 401300, 181900]
2016-01-04 23:59:59 file_miss: 5.229% [0, 8, 0, 0]
2016-01-04 23:59:59 file_miss: 0.351% [5, 8, 0, 0]
2016-01-04 23:59:59 file_miss: 0.710% [10, 18, 0, 0]
2016-01-04 23:59:59 file_miss: 3.106% [29, 19, 0, 0]
2016-01-04 23:59:59 file_miss: 1.344% [32, 29, 2, 0]
2016-01-04 23:59:59 file_miss: 0.068% [32, 29, 2, 0]
2016-01-04 23:59:59 file_miss: 2.879% [32, 69, 2, 0]
start analysis...
PURGE_RST 2016-01-11 23:59:59 374200 [37645900, 910300, 376900, 177800]
2016-01-11 23:59:59 file_miss: 0.450% [32, 74, 2, 0]
2016-01-11 23:59:59 file_miss: 13.692% [46, 116, 2, 0]
2016-01-11 23:59:59 file_miss: 0.456% [49, 119, 2, 0]
2016-01-11 23:59:59 file_miss: 0.589% [49, 141, 3, 0]
2016-01-11 23:59:59 file_miss: 0.205% [53, 141, 5, 0]
2016-01-11 23:59:59 file_miss: 1.278% [61, 141, 6, 0]
2016-01-11 23:59:59 file_miss: 0.070% [61, 141, 8, 0]
start analysis...
PURGE_RST 2016-01-18 23:59:59 179800 [713400, 1020000, 37162400, 177800]
2016-01-18 23:59:59 file_miss: 3.858% [72, 141, 204, 0]
2016-01-18 23:59:59 file_miss: 2.123% [88, 141, 215, 0]
2016-01-18 23:59:59 file_miss: 11.452% [89, 518, 217, 0]
2016-01-18 23:59:59 file_miss: 9.521% [90, 852, 218, 0]
2016-01-18 23:59:59 file_miss: 3.305% [90, 1018, 218, 0]
2016-01-18 23:59:59 file_miss: 4.536% [90, 1256, 247, 0]
2016-01-18 23:59:59 file_miss: 0.142% [90, 1259, 247, 0]
start analysis...
PURGE_RST 2016-01-25 23:59:59 204200 [1007700, 2132400, 36926400, 179600]
2016-01-25 23:59:59 file_miss: 5.360% [146, 1260, 247, 0]
2016-01-25 23:59:59 file_miss: 1.037% [154, 1268, 247, 0]
2016-01-25 23:59:59 file_miss: 15.891% [155, 1643, 247, 0]
2016-01-25 23:59:59 file_miss: 5.961% [156, 1780, 247, 0]
2016-01-25 23:59:59 file_miss: 2.715% [159, 1817, 247, 0]
2016-01-25 23:59:59 file_miss: 2.384% [159, 1858, 248, 0]
2016-01-25 23:59:59 file_miss: 6.919% [159, 1919, 248, 0]
start analysis...
PURGE_RST 2016-02-01 23:59:59 113600 [641400, 2796300, 37239800, 183600]
2016-02-01 23:59:59 file_miss: 11.765% [159, 2015, 300, 0]
2016-02-01 23:59:59 file_miss: 14.329% [168, 2338, 300, 1]
2016-02-01 23:59:59 file_miss: 7.607% [174, 2354, 347, 1]
2016-02-01 23:59:59 file_miss: 35.212% [183, 2813, 385, 1]
2016-02-01 23:59:59 file_miss: 93.750% [183, 2828, 385, 1]
2016-02-01 23:59:59 file_miss: 0.000% [183, 2828, 385, 1]
2016-02-01 23:59:59 file_miss: 0.000% [183, 2828, 385, 1]
start analysis...
PURGE_RST 2016-02-08 23:59:59 31900 [1088100, 3750200, 36919400, 183800]
2016-02-08 23:59:59 file_miss: 25.581% [197, 2834, 385, 1]
2016-02-08 23:59:59 file_miss: 13.950% [221, 3204, 385, 1]
2016-02-08 23:59:59 file_miss: 3.333% [228, 3223, 385, 1]
2016-02-08 23:59:59 file_miss: 0.225% [233, 3227, 385, 1]
2016-02-08 23:59:59 file_miss: 6.523% [277, 3287, 388, 1]
2016-02-08 23:59:59 file_miss: 23.529% [287, 3315, 389, 1]
2016-02-08 23:59:59 file_miss: 1.538% [310, 3315, 389, 1]
start analysis...
PURGE_RST 2016-02-15 23:59:59 79900 [1198900, 4273300, 36854000, 183800]
2016-02-15 23:59:59 file_miss: 3.386% [365, 3319, 389, 1]
2016-02-15 23:59:59 file_miss: 0.620% [365, 3325, 391, 1]
2016-02-15 23:59:59 file_miss: 0.593% [365, 3327, 392, 1]
2016-02-15 23:59:59 file_miss: 1.143% [395, 3328, 392, 1]
2016-02-15 23:59:59 file_miss: 0.549% [396, 3329, 392, 1]
2016-02-15 23:59:59 file_miss: 0.115% [396, 3330, 392, 1]
2016-02-15 23:59:59 file_miss: 0.411% [398, 3330, 392, 1]
start analysis...
PURGE_RST 2016-02-22 23:59:59 28300 [1254100, 4279500, 36871100, 180300]
2016-02-22 23:59:59 file_miss: 3.049% [399, 3377, 392, 1]
2016-02-22 23:59:59 file_miss: 22.527% [436, 3463, 392, 1]
2016-02-22 23:59:59 file_miss: 3.371% [436, 3469, 392, 4]
2016-02-22 23:59:59 file_miss: 6.499% [436, 3610, 393, 4]
2016-02-22 23:59:59 file_miss: 26.214% [436, 4175, 393, 4]
2016-02-22 23:59:59 file_miss: 13.235% [451, 4176, 393, 4]
2016-02-22 23:59:59 file_miss: 2.924% [454, 4176, 393, 4]
start analysis...
PURGE_RST 2016-03-01 23:59:59 40000 [666700, 5163600, 37482700, 163700]
2016-03-01 23:59:59 file_miss: 1.411% [454, 4188, 394, 4]
2016-03-01 23:59:59 file_miss: 9.880% [468, 4191, 541, 4]
2016-03-01 23:59:59 file_miss: 13.057% [468, 4192, 580, 4]
2016-03-01 23:59:59 file_miss: 4.809% [476, 4203, 609, 4]
2016-03-01 23:59:59 file_miss: 0.704% [476, 4204, 615, 4]
2016-03-01 23:59:59 file_miss: 0.585% [476, 4204, 618, 4]
2016-03-01 23:59:59 file_miss: 3.044% [482, 4205, 636, 4]
start analysis...
PURGE_RST 2016-03-08 23:59:59 91500 [582200, 5173000, 37742100, 184300]
2016-03-08 23:59:59 file_miss: 18.839% [482, 4205, 832, 4]
2016-03-08 23:59:59 file_miss: 8.224% [485, 4320, 907, 4]
2016-03-08 23:59:59 file_miss: 2.975% [500, 4321, 934, 4]
2016-03-08 23:59:59 file_miss: 1.978% [500, 4321, 954, 4]
2016-03-08 23:59:59 file_miss: 3.879% [500, 4321, 994, 4]
2016-03-08 23:59:59 file_miss: 2.671% [501, 4321, 1030, 4]
2016-03-08 23:59:59 file_miss: 2.372% [503, 4323, 1046, 4]
start analysis...
PURGE_RST 2016-03-15 23:59:59 36836400 [1789800, 5298200, 126400, 186500]
2016-03-15 23:59:59 file_miss: 4.856% [549, 4323, 1046, 4]
2016-03-15 23:59:59 file_miss: 0.328% [551, 4323, 1047, 4]
2016-03-15 23:59:59 file_miss: 0.696% [561, 4325, 1048, 4]
2016-03-15 23:59:59 file_miss: 0.926% [561, 4332, 1050, 4]
2016-03-15 23:59:59 file_miss: 0.542% [561, 4332, 1051, 4]
2016-03-15 23:59:59 file_miss: 0.942% [561, 4338, 1052, 4]
2016-03-15 23:59:59 file_miss: 0.730% [568, 4340, 1053, 4]
start analysis...
PURGE_RST 2016-03-22 23:59:59 80000 [1827100, 5283100, 105700, 186500]
2016-03-22 23:59:59 file_miss: 4.412% [611, 4342, 1053, 4]
2016-03-22 23:59:59 file_miss: 3.135% [650, 4342, 1053, 4]
2016-03-22 23:59:59 file_miss: 3.195% [665, 4360, 1053, 4]
2016-03-22 23:59:59 file_miss: 3.900% [673, 4361, 1053, 4]
2016-03-22 23:59:59 file_miss: 3.448% [682, 4361, 1053, 4]
2016-03-22 23:59:59 file_miss: 0.125% [683, 4361, 1053, 4]
2016-03-22 23:59:59 file_miss: 3.804% [699, 4374, 1054, 4]
start analysis...
PURGE_RST 2016-03-29 23:59:59 34800 [1926500, 5320200, 113400, 186700]
2016-03-29 23:59:59 file_miss: 3.274% [724, 4382, 1054, 4]
2016-03-29 23:59:59 file_miss: 1.342% [737, 4390, 1054, 4]
2016-03-29 23:59:59 file_miss: 2.840% [753, 4395, 1056, 4]
2016-03-29 23:59:59 file_miss: 0.803% [771, 4398, 1056, 4]
2016-03-29 23:59:59 file_miss: 0.022% [772, 4398, 1056, 4]
2016-03-29 23:59:59 file_miss: 0.313% [788, 4399, 1056, 4]
2016-03-29 23:59:59 file_miss: 0.366% [808, 4402, 1058, 4]
start analysis...
PURGE_RST 2016-04-05 23:59:59 103500 [1802500, 5364800, 233900, 187000]
2016-04-05 23:59:59 file_miss: 1.163% [823, 4402, 1058, 4]
2016-04-05 23:59:59 file_miss: 4.585% [887, 4402, 1062, 4]
2016-04-05 23:59:59 file_miss: 0.702% [926, 4403, 1062, 4]
2016-04-05 23:59:59 file_miss: 0.584% [952, 4406, 1062, 4]
2016-04-05 23:59:59 file_miss: 0.064% [956, 4406, 1062, 4]
2016-04-05 23:59:59 file_miss: 0.430% [975, 4406, 1062, 4]
2016-04-05 23:59:59 file_miss: 12.782% [983, 4449, 1062, 4]
start analysis...
PURGE_RST 2016-04-12 23:59:59 35600 [1954900, 5475900, 223500, 125400]
2016-04-12 23:59:59 file_miss: 7.216% [996, 4450, 1062, 4]
2016-04-12 23:59:59 file_miss: 91.295% [8252, 4451, 1062, 4]
2016-04-12 23:59:59 file_miss: 88.279% [16746, 4453, 1062, 4]
2016-04-12 23:59:59 file_miss: 94.499% [22013, 4546, 1062, 4]
2016-04-12 23:59:59 file_miss: 2.174% [22019, 4546, 1063, 4]
2016-04-12 23:59:59 file_miss: 1.324% [22047, 4580, 1063, 4]
2016-04-12 23:59:59 file_miss: 0.866% [22082, 4580, 1063, 4]
start analysis...
PURGE_RST 2016-04-19 23:59:59 113700 [1845500, 5595700, 29762700, 121900]
2016-04-19 23:59:59 file_miss: 0.625% [22085, 4580, 1071, 4]
2016-04-19 23:59:59 file_miss: 0.820% [22098, 4580, 1077, 4]
2016-04-19 23:59:59 file_miss: 0.271% [22098, 4581, 1079, 4]
2016-04-19 23:59:59 file_miss: 5.781% [22172, 4583, 1080, 4]
2016-04-19 23:59:59 file_miss: 2.285% [22221, 4589, 1080, 4]
2016-04-19 23:59:59 file_miss: 0.220% [22221, 4589, 1097, 4]
2016-04-19 23:59:59 file_miss: 0.161% [22225, 4590, 1098, 4]
start analysis...
PURGE_RST 2016-04-26 23:59:59 237300 [1885600, 5606000, 29673800, 120300]
2016-04-26 23:59:59 file_miss: 0.000% [22225, 4590, 1098, 4]
2016-04-26 23:59:59 file_miss: 1.964% [22226, 4595, 1116, 4]
2016-04-26 23:59:59 file_miss: 0.701% [22228, 4595, 1119, 4]
2016-04-26 23:59:59 file_miss: 0.693% [22229, 4597, 1123, 4]
2016-04-26 23:59:59 file_miss: 0.102% [22236, 4597, 1123, 4]
2016-04-26 23:59:59 file_miss: 0.000% [22236, 4597, 1123, 4]
2016-04-26 23:59:59 file_miss: 0.682% [22238, 4597, 1132, 4]
start analysis...
PURGE_RST 2016-05-03 23:59:59 184300 [1785000, 5534600, 29712300, 125400]
2016-05-03 23:59:59 file_miss: 0.150% [22239, 4597, 1132, 4]
2016-05-03 23:59:59 file_miss: 4.154% [22242, 4599, 1141, 4]
2016-05-03 23:59:59 file_miss: 0.849% [22250, 4599, 1141, 4]
2016-05-03 23:59:59 file_miss: 4.037% [22292, 4601, 1145, 4]
2016-05-03 23:59:59 file_miss: 9.559% [22305, 4601, 1145, 4]
2016-05-03 23:59:59 file_miss: 10.280% [22426, 4601, 1145, 4]
2016-05-03 23:59:59 file_miss: 6.903% [22485, 4604, 1154, 4]
start analysis...
PURGE_RST 2016-05-10 23:59:59 75100 [1805700, 5546100, 29886900, 118700]
2016-05-10 23:59:59 file_miss: 1.905% [22485, 4611, 1171, 4]
2016-05-10 23:59:59 file_miss: 0.588% [22485, 4614, 1172, 5]
2016-05-10 23:59:59 file_miss: 2.207% [22490, 4621, 1182, 5]
2016-05-10 23:59:59 file_miss: 3.165% [22491, 4623, 1206, 5]
2016-05-10 23:59:59 file_miss: 1.105% [22491, 4625, 1206, 5]
2016-05-10 23:59:59 file_miss: 0.504% [22492, 4628, 1206, 5]
2016-05-10 23:59:59 file_miss: 1.279% [22492, 4629, 1215, 5]
start analysis...
PURGE_RST 2016-05-17 23:59:59 141200 [2171300, 5560500, 29448900, 123700]
2016-05-17 23:59:59 file_miss: 35.648% [22538, 4660, 1215, 5]
2016-05-17 23:59:59 file_miss: 0.210% [22542, 4663, 1215, 5]
2016-05-17 23:59:59 file_miss: 1.230% [22548, 4668, 1215, 5]
2016-05-17 23:59:59 file_miss: 2.606% [22582, 4669, 1215, 5]
2016-05-17 23:59:59 file_miss: 0.074% [22584, 4670, 1215, 5]
2016-05-17 23:59:59 file_miss: 0.379% [22600, 4670, 1215, 5]
2016-05-17 23:59:59 file_miss: 0.522% [22609, 4671, 1215, 5]
start analysis...
PURGE_RST 2016-05-24 23:59:59 82000 [2233700, 5613100, 29451200, 118500]
2016-05-24 23:59:59 file_miss: 0.785% [22610, 4673, 1218, 5]
2016-05-24 23:59:59 file_miss: 1.216% [22611, 4674, 1220, 5]
2016-05-24 23:59:59 file_miss: 2.627% [22626, 4674, 1221, 5]
2016-05-24 23:59:59 file_miss: 0.686% [22628, 4676, 1221, 5]
2016-05-24 23:59:59 file_miss: 8.915% [22710, 4677, 1221, 5]
2016-05-24 23:59:59 file_miss: 12.105% [22756, 4677, 1221, 5]
2016-05-24 23:59:59 file_miss: 20.177% [22847, 4677, 1221, 5]
start analysis...
PURGE_RST 2016-05-31 23:59:59 269400 [2319300, 5495200, 29448200, 134500]
2016-05-31 23:59:59 file_miss: 18.341% [22889, 4677, 1221, 5]
2016-05-31 23:59:59 file_miss: 1.866% [22914, 4682, 1221, 5]
2016-05-31 23:59:59 file_miss: 1.297% [22924, 4683, 1221, 5]
2016-05-31 23:59:59 file_miss: 0.877% [22947, 4684, 1221, 5]
2016-05-31 23:59:59 file_miss: 18.733% [23013, 4686, 1221, 5]
2016-05-31 23:59:59 file_miss: 6.085% [23119, 4686, 1221, 5]
2016-05-31 23:59:59 file_miss: 2.721% [23161, 4689, 1221, 5]
start analysis...
PURGE_RST 2016-06-07 23:59:59 380200 [2254200, 5518700, 29449300, 120900]
2016-06-07 23:59:59 file_miss: 5.323% [23245, 4689, 1221, 5]
2016-06-07 23:59:59 file_miss: 0.128% [23246, 4690, 1221, 5]
2016-06-07 23:59:59 file_miss: 0.701% [23256, 4693, 1221, 6]
2016-06-07 23:59:59 file_miss: 0.920% [23278, 4693, 1221, 6]
2016-06-07 23:59:59 file_miss: 0.000% [23278, 4693, 1221, 6]
2016-06-07 23:59:59 file_miss: 0.406% [23287, 4693, 1221, 6]
2016-06-07 23:59:59 file_miss: 0.601% [23291, 4695, 1224, 6]
start analysis...
PURGE_RST 2016-06-14 23:59:59 67500 [31652900, 5520500, 118600, 120100]
2016-06-14 23:59:59 file_miss: 1.493% [23320, 4695, 1226, 6]
2016-06-14 23:59:59 file_miss: 0.358% [23324, 4696, 1227, 6]
2016-06-14 23:59:59 file_miss: 1.418% [23347, 4698, 1228, 6]
2016-06-14 23:59:59 file_miss: 5.594% [23425, 4706, 1230, 6]
2016-06-14 23:59:59 file_miss: 29.862% [23577, 4706, 1230, 6]
2016-06-14 23:59:59 file_miss: 8.581% [23715, 4721, 1230, 6]
2016-06-14 23:59:59 file_miss: 2.228% [23866, 4745, 1235, 6]
start analysis...
PURGE_RST 2016-06-21 23:59:59 108500 [32131900, 5567800, 120300, 119500]
2016-06-21 23:59:59 file_miss: 2.667% [23926, 4769, 1236, 6]
2016-06-21 23:59:59 file_miss: 5.872% [24025, 4773, 1236, 6]
2016-06-21 23:59:59 file_miss: 1.820% [24086, 4776, 1236, 6]
2016-06-21 23:59:59 file_miss: 0.507% [24123, 4780, 1239, 6]
2016-06-21 23:59:59 file_miss: 0.281% [24141, 4780, 1239, 6]
2016-06-21 23:59:59 file_miss: 0.021% [24141, 4780, 1240, 6]
2016-06-21 23:59:59 file_miss: 0.375% [24142, 4782, 1242, 6]
start analysis...
PURGE_RST 2016-06-28 23:59:59 103700 [32307700, 5583900, 128800, 134800]
2016-06-28 23:59:59 file_miss: 32.117% [24186, 4782, 1242, 6]
2016-06-28 23:59:59 file_miss: 3.008% [24186, 4786, 1242, 6]
2016-06-28 23:59:59 file_miss: 5.303% [24190, 4787, 1244, 6]
2016-06-28 23:59:59 file_miss: 2.120% [24192, 4802, 1244, 6]
2016-06-28 23:59:59 file_miss: 0.074% [24192, 4802, 1250, 6]
2016-06-28 23:59:59 file_miss: 0.170% [24192, 4802, 1261, 6]
2016-06-28 23:59:59 file_miss: 0.000% [24192, 4802, 1261, 6]
start analysis...
PURGE_RST 2016-07-05 23:59:59 96000 [32298300, 5601700, 116300, 139700]
2016-07-05 23:59:59 file_miss: 0.074% [24193, 4806, 1261, 6]
2016-07-05 23:59:59 file_miss: 0.055% [24194, 4807, 1262, 6]
2016-07-05 23:59:59 file_miss: 0.107% [24196, 4810, 1262, 6]
2016-07-05 23:59:59 file_miss: 0.324% [24225, 4810, 1263, 6]
2016-07-05 23:59:59 file_miss: 0.252% [24239, 4810, 1263, 6]
2016-07-05 23:59:59 file_miss: 0.011% [24239, 4811, 1263, 6]
2016-07-05 23:59:59 file_miss: 0.097% [24243, 4812, 1263, 6]
start analysis...
PURGE_RST 2016-07-12 23:59:59 10333100 [22013800, 5605900, 118000, 143300]
2016-07-12 23:59:59 file_miss: 0.243% [24243, 4813, 1263, 6]
2016-07-12 23:59:59 file_miss: 0.525% [24245, 4815, 1263, 6]
2016-07-12 23:59:59 file_miss: 0.501% [24252, 4816, 1263, 6]
2016-07-12 23:59:59 file_miss: 0.379% [24254, 4818, 1264, 6]
2016-07-12 23:59:59 file_miss: 8.213% [24288, 4818, 1264, 6]
2016-07-12 23:59:59 file_miss: 0.000% [24288, 4818, 1264, 6]
2016-07-12 23:59:59 file_miss: 0.288% [24289, 4827, 1264, 6]
start analysis...
PURGE_RST 2016-07-19 23:59:59 126000 [2590300, 5692200, 19465500, 68900]
2016-07-19 23:59:59 file_miss: 2.845% [24330, 4827, 1264, 6]
2016-07-19 23:59:59 file_miss: 1.373% [24336, 4834, 1269, 9]
2016-07-19 23:59:59 file_miss: 0.261% [24336, 4836, 1271, 9]
2016-07-19 23:59:59 file_miss: 1.106% [24337, 4842, 1271, 9]
2016-07-19 23:59:59 file_miss: 0.000% [24337, 4842, 1271, 9]
2016-07-19 23:59:59 file_miss: 0.000% [24337, 4842, 1271, 9]
2016-07-19 23:59:59 file_miss: 0.969% [24337, 4879, 1280, 9]
start analysis...
PURGE_RST 2016-07-26 23:59:59 252300 [2574100, 5678100, 19312200, 135700]
2016-07-26 23:59:59 file_miss: 0.130% [24341, 4879, 1280, 9]
2016-07-26 23:59:59 file_miss: 1.106% [24349, 4913, 1281, 11]
2016-07-26 23:59:59 file_miss: 1.037% [24367, 4953, 1283, 14]
2016-07-26 23:59:59 file_miss: 1.650% [24370, 5012, 1283, 14]
2016-07-26 23:59:59 file_miss: 0.048% [24370, 5014, 1283, 14]
2016-07-26 23:59:59 file_miss: 0.000% [24370, 5014, 1283, 14]
2016-07-26 23:59:59 file_miss: 0.021% [24371, 5014, 1283, 14]
start analysis...
PURGE_RST 2016-08-02 23:59:59 44300 [2555700, 5799400, 19329300, 134700]
2016-08-02 23:59:59 file_miss: 0.221% [24380, 5015, 1284, 14]
2016-08-02 23:59:59 file_miss: 1.052% [24421, 5015, 1284, 14]
2016-08-02 23:59:59 file_miss: 0.810% [24453, 5015, 1284, 14]
2016-08-02 23:59:59 file_miss: 1.079% [24468, 5016, 1284, 14]
2016-08-02 23:59:59 file_miss: 0.166% [24468, 5017, 1284, 14]
2016-08-02 23:59:59 file_miss: 0.411% [24481, 5019, 1284, 14]
2016-08-02 23:59:59 file_miss: 0.248% [24492, 5021, 1284, 14]
start analysis...
PURGE_RST 2016-08-09 23:59:59 284500 [2371900, 5804100, 19325000, 131800]
2016-08-09 23:59:59 file_miss: 0.000% [24492, 5021, 1284, 14]
2016-08-09 23:59:59 file_miss: 0.165% [24493, 5025, 1284, 14]
2016-08-09 23:59:59 file_miss: 0.775% [24498, 5027, 1284, 14]
2016-08-09 23:59:59 file_miss: 4.817% [24519, 5027, 1284, 14]
2016-08-09 23:59:59 file_miss: 0.000% [24519, 5027, 1284, 14]
2016-08-09 23:59:59 file_miss: 0.000% [24519, 5027, 1284, 14]
2016-08-09 23:59:59 file_miss: 5.873% [24555, 5027, 1284, 14]
start analysis...
PURGE_RST 2016-08-16 23:59:59 109000 [2345100, 5806900, 19291700, 129100]
2016-08-16 23:59:59 file_miss: 2.401% [24566, 5034, 1284, 14]
2016-08-16 23:59:59 file_miss: 7.132% [24576, 5072, 1284, 14]
2016-08-16 23:59:59 file_miss: 0.356% [24578, 5073, 1284, 14]
2016-08-16 23:59:59 file_miss: 0.619% [24581, 5073, 1284, 14]
2016-08-16 23:59:59 file_miss: 0.870% [24581, 5075, 1284, 14]
2016-08-16 23:59:59 file_miss: 0.137% [24583, 5075, 1284, 14]
2016-08-16 23:59:59 file_miss: 0.524% [24586, 5075, 1284, 14]
start analysis...
PURGE_RST 2016-08-23 23:59:59 94100 [2326400, 5808500, 19288800, 128000]
2016-08-23 23:59:59 file_miss: 44.681% [24649, 5075, 1284, 14]
2016-08-23 23:59:59 file_miss: 0.795% [24653, 5075, 1284, 14]
2016-08-23 23:59:59 file_miss: 2.151% [24661, 5079, 1284, 14]
2016-08-23 23:59:59 file_miss: 10.309% [24691, 5079, 1284, 14]
2016-08-23 23:59:59 file_miss: 0.660% [24692, 5079, 1284, 14]
2016-08-23 23:59:59 file_miss: 0.346% [24693, 5079, 1284, 14]
2016-08-23 23:59:59 file_miss: 7.639% [24714, 5079, 1285, 14]
start analysis...
PURGE_RST 2016-08-30 23:59:59 311800 [2126000, 5812300, 19312300, 127800]
2016-08-30 23:59:59 file_miss: 0.167% [24715, 5079, 1285, 14]
2016-08-30 23:59:59 file_miss: 0.787% [24716, 5082, 1286, 14]
2016-08-30 23:59:59 file_miss: 2.288% [24758, 5082, 1286, 14]
2016-08-30 23:59:59 file_miss: 0.198% [24759, 5083, 1286, 14]
2016-08-30 23:59:59 file_miss: 0.107% [24760, 5084, 1286, 14]
2016-08-30 23:59:59 file_miss: 0.000% [24760, 5084, 1286, 14]
2016-08-30 23:59:59 file_miss: 0.066% [24761, 5084, 1286, 14]
start analysis...
PURGE_RST 2016-09-06 23:59:59 19483500 [1873900, 5813100, 129600, 129400]
2016-09-06 23:59:59 file_miss: 0.357% [24765, 5084, 1286, 14]
2016-09-06 23:59:59 file_miss: 21.818% [24769, 5128, 1286, 14]
2016-09-06 23:59:59 file_miss: 3.141% [24775, 5182, 1286, 14]
2016-09-06 23:59:59 file_miss: 1.332% [24777, 5194, 1286, 14]
2016-09-06 23:59:59 file_miss: 0.388% [24777, 5197, 1286, 14]
2016-09-06 23:59:59 file_miss: 0.900% [24789, 5197, 1286, 14]
2016-09-06 23:59:59 file_miss: 5.044% [24796, 5236, 1286, 14]
start analysis...
PURGE_RST 2016-09-13 23:59:59 279700 [1606400, 5937900, 144300, 137800]
2016-09-13 23:59:59 file_miss: 1.598% [24810, 5240, 1290, 15]
2016-09-13 23:59:59 file_miss: 2.607% [24815, 5257, 1290, 15]
2016-09-13 23:59:59 file_miss: 11.429% [24818, 5267, 1469, 15]
2016-09-13 23:59:59 file_miss: 2.224% [24823, 5282, 1469, 16]
2016-09-13 23:59:59 file_miss: 22.764% [24906, 5283, 1469, 16]
2016-09-13 23:59:59 file_miss: 76.409% [29971, 5287, 1469, 16]
2016-09-13 23:59:59 file_miss: 85.286% [36702, 5303, 1469, 16]
start analysis...
PURGE_RST 2016-09-20 23:59:59 704000 [17291900, 5995500, 441600, 139300]
2016-09-20 23:59:59 file_miss: 70.908% [40496, 5321, 1474, 16]
2016-09-20 23:59:59 file_miss: 65.954% [45439, 5344, 1475, 16]
2016-09-20 23:59:59 file_miss: 34.260% [46425, 5377, 1504, 16]
2016-09-20 23:59:59 file_miss: 1.098% [46457, 5383, 1550, 16]
2016-09-20 23:59:59 file_miss: 0.791% [46457, 5385, 1614, 16]
2016-09-20 23:59:59 file_miss: 1.124% [46457, 5388, 1668, 16]
2016-09-20 23:59:59 file_miss: 2.246% [46457, 5396, 1677, 16]
start analysis...
PURGE_RST 2016-09-27 23:59:59 183500 [30981100, 6071400, 345300, 140300]
2016-09-27 23:59:59 file_miss: 2.970% [46474, 5426, 1678, 16]
2016-09-27 23:59:59 file_miss: 8.976% [46489, 5496, 1678, 16]
2016-09-27 23:59:59 file_miss: 3.199% [46493, 5538, 1678, 16]
2016-09-27 23:59:59 file_miss: 4.217% [46508, 5558, 1678, 16]
2016-09-27 23:59:59 file_miss: 0.728% [46508, 5561, 1678, 16]
2016-09-27 23:59:59 file_miss: 0.069% [46508, 5562, 1678, 16]
2016-09-27 23:59:59 file_miss: 3.150% [46519, 5583, 1678, 16]
start analysis...
PURGE_RST 2016-10-04 23:59:59 30800 [31042500, 6239700, 304900, 138800]
2016-10-04 23:59:59 file_miss: 0.369% [46521, 5586, 1678, 16]
2016-10-04 23:59:59 file_miss: 3.761% [46550, 5590, 1679, 16]
2016-10-04 23:59:59 file_miss: 3.178% [46590, 5597, 1679, 16]
2016-10-04 23:59:59 file_miss: 2.200% [46591, 5614, 1680, 16]
2016-10-04 23:59:59 file_miss: 1.342% [46591, 5616, 1680, 16]
2016-10-04 23:59:59 file_miss: 0.075% [46591, 5617, 1680, 16]
2016-10-04 23:59:59 file_miss: 0.598% [46593, 5620, 1680, 16]
start analysis...
PURGE_RST 2016-10-11 23:59:59 37700 [31268100, 6266600, 115900, 143700]
2016-10-11 23:59:59 file_miss: 0.070% [46593, 5621, 1680, 16]
2016-10-11 23:59:59 file_miss: 0.605% [46596, 5621, 1681, 16]
2016-10-11 23:59:59 file_miss: 0.364% [46597, 5621, 1682, 16]
2016-10-11 23:59:59 file_miss: 0.258% [46597, 5623, 1682, 16]
2016-10-11 23:59:59 file_miss: 0.000% [46597, 5623, 1682, 16]
2016-10-11 23:59:59 file_miss: 0.358% [46597, 5625, 1685, 16]
2016-10-11 23:59:59 file_miss: 0.124% [46597, 5626, 1685, 16]
start analysis...
PURGE_RST 2016-10-18 23:59:59 123400 [1544900, 6272900, 29724300, 142100]
2016-10-18 23:59:59 file_miss: 2.283% [46597, 5631, 1685, 16]
2016-10-18 23:59:59 file_miss: 12.308% [46609, 5656, 1687, 16]
2016-10-18 23:59:59 file_miss: 1.091% [46609, 5657, 1689, 16]
2016-10-18 23:59:59 file_miss: 3.753% [46621, 5665, 1700, 16]
2016-10-18 23:59:59 file_miss: 3.759% [46635, 5666, 1700, 16]
2016-10-18 23:59:59 file_miss: 2.781% [46640, 5707, 1700, 16]
2016-10-18 23:59:59 file_miss: 3.511% [46651, 5724, 1707, 16]
start analysis...
PURGE_RST 2016-10-25 23:59:59 26600 [1552200, 6367600, 29747600, 133700]
2016-10-25 23:59:59 file_miss: 2.105% [46651, 5724, 1709, 16]
2016-10-25 23:59:59 file_miss: 49.921% [46956, 5726, 1717, 16]
2016-10-25 23:59:59 file_miss: 0.492% [46960, 5728, 1718, 16]
2016-10-25 23:59:59 file_miss: 1.872% [46968, 5730, 1725, 16]
2016-10-25 23:59:59 file_miss: 1.456% [46968, 5730, 1728, 16]
2016-10-25 23:59:59 file_miss: 0.074% [46968, 5731, 1728, 16]
2016-10-25 23:59:59 file_miss: 0.764% [46968, 5732, 1733, 16]
start analysis...
PURGE_RST 2016-11-01 23:59:59 69800 [1776800, 6370600, 29782300, 134600]
2016-11-01 23:59:59 file_miss: 0.870% [46973, 5732, 1741, 16]
2016-11-01 23:59:59 file_miss: 1.807% [46983, 5734, 1749, 16]
2016-11-01 23:59:59 file_miss: 0.974% [46986, 5738, 1757, 16]
2016-11-01 23:59:59 file_miss: 3.380% [46986, 5767, 1764, 16]
2016-11-01 23:59:59 file_miss: 4.202% [46986, 5777, 1764, 16]
2016-11-01 23:59:59 file_miss: 0.222% [46986, 5780, 1764, 16]
2016-11-01 23:59:59 file_miss: 1.067% [46988, 5780, 1772, 16]
start analysis...
PURGE_RST 2016-11-08 23:59:59 60000 [1716800, 6411200, 29833500, 136600]
2016-11-08 23:59:59 file_miss: 39.286% [47011, 5812, 1772, 16]
2016-11-08 23:59:59 file_miss: 4.527% [47012, 5814, 1780, 16]
2016-11-08 23:59:59 file_miss: 13.584% [47018, 5845, 1790, 16]
2016-11-08 23:59:59 file_miss: 11.075% [47022, 5867, 1798, 16]
2016-11-08 23:59:59 file_miss: 5.862% [47023, 5883, 1798, 16]
2016-11-08 23:59:59 file_miss: 3.097% [47025, 5888, 1798, 16]
2016-11-08 23:59:59 file_miss: 5.752% [47027, 5891, 1806, 16]
start analysis...
PURGE_RST 2016-11-15 23:59:59 66600 [1743000, 6517900, 29814300, 131900]
2016-11-15 23:59:59 file_miss: 0.751% [47031, 5897, 1807, 16]
2016-11-15 23:59:59 file_miss: 0.920% [47034, 5898, 1807, 16]
2016-11-15 23:59:59 file_miss: 3.843% [47041, 5932, 1807, 16]
2016-11-15 23:59:59 file_miss: 1.968% [47056, 5933, 1807, 16]
2016-11-15 23:59:59 file_miss: 0.000% [47056, 5933, 1807, 16]
2016-11-15 23:59:59 file_miss: 0.073% [47056, 5934, 1807, 16]
2016-11-15 23:59:59 file_miss: 1.440% [47063, 5934, 1807, 16]
start analysis...
PURGE_RST 2016-11-22 23:59:59 79600 [1696300, 6555500, 29820900, 132300]
2016-11-22 23:59:59 file_miss: 0.369% [47065, 5938, 1807, 16]
2016-11-22 23:59:59 file_miss: 4.511% [47069, 5946, 1807, 16]
2016-11-22 23:59:59 file_miss: 0.189% [47072, 5946, 1807, 16]
2016-11-22 23:59:59 file_miss: 0.119% [47073, 5946, 1807, 16]
2016-11-22 23:59:59 file_miss: 0.368% [47074, 5946, 1807, 16]
2016-11-22 23:59:59 file_miss: 0.000% [47074, 5946, 1807, 16]
2016-11-22 23:59:59 file_miss: 1.083% [47075, 5953, 1807, 17]
start analysis...
PURGE_RST 2016-11-29 23:59:59 76900 [1623100, 6570500, 29827900, 132400]
2016-11-29 23:59:59 file_miss: 0.620% [47084, 5953, 1807, 17]
2016-11-29 23:59:59 file_miss: 0.822% [47091, 5954, 1807, 17]
2016-11-29 23:59:59 file_miss: 0.292% [47091, 5958, 1807, 17]
2016-11-29 23:59:59 file_miss: 0.257% [47092, 5959, 1807, 17]
2016-11-29 23:59:59 file_miss: 0.000% [47092, 5959, 1807, 17]
2016-11-29 23:59:59 file_miss: 0.000% [47092, 5959, 1807, 17]
2016-11-29 23:59:59 file_miss: 1.305% [47093, 5968, 1807, 17]
start analysis...
PURGE_RST 2016-12-06 23:59:59 58500 [31195900, 6577300, 214400, 134700]
2016-12-06 23:59:59 file_miss: 0.076% [47094, 5968, 1807, 17]
2016-12-06 23:59:59 file_miss: 0.510% [47094, 5971, 1808, 17]
2016-12-06 23:59:59 file_miss: 12.156% [47266, 5980, 1808, 17]
2016-12-06 23:59:59 file_miss: 71.645% [49112, 5981, 1808, 17]
2016-12-06 23:59:59 file_miss: 91.639% [50493, 5981, 1808, 17]
2016-12-06 23:59:59 file_miss: 21.490% [50868, 5981, 1808, 17]
2016-12-06 23:59:59 file_miss: 61.568% [52153, 5981, 1811, 17]
start analysis...
PURGE_RST 2016-12-13 23:59:59 38300 [35174600, 6587500, 204400, 135000]
2016-12-13 23:59:59 file_miss: 30.617% [52758, 5981, 1811, 17]
2016-12-13 23:59:59 file_miss: 65.075% [54148, 5981, 1811, 17]
2016-12-13 23:59:59 file_miss: 81.279% [60031, 5981, 1811, 17]
2016-12-13 23:59:59 file_miss: 87.092% [64969, 5982, 1811, 17]
2016-12-13 23:59:59 file_miss: 94.346% [66404, 5982, 1811, 17]
2016-12-13 23:59:59 file_miss: 28.867% [66934, 5982, 1811, 17]
2016-12-13 23:59:59 file_miss: 61.091% [68131, 5983, 1811, 17]
start analysis...
PURGE_RST 2016-12-20 23:59:59 4521600 [43411900, 6584800, 205700, 138300]
2016-12-20 23:59:59 file_miss: 40.389% [69002, 5984, 1811, 17]
2016-12-20 23:59:59 file_miss: 44.833% [69590, 5986, 1811, 17]
2016-12-20 23:59:59 file_miss: 39.064% [70432, 5986, 1812, 17]
2016-12-20 23:59:59 file_miss: 67.219% [71324, 5986, 1812, 17]
2016-12-20 23:59:59 file_miss: 95.657% [73086, 5986, 1812, 17]
2016-12-20 23:59:59 file_miss: 77.223% [77446, 5986, 1812, 17]
2016-12-20 23:59:59 file_miss: 73.193% [79390, 5986, 1812, 17]
start analysis...
PURGE_RST 2016-12-27 23:59:59 25970600 [26449300, 6587100, 205500, 138300]
2016-12-27 23:59:59 file_miss: 28.060% [79890, 5988, 1812, 17]
2016-12-27 23:59:59 file_miss: 21.858% [80090, 5988, 1812, 17]
2016-12-27 23:59:59 file_miss: 39.225% [80920, 5988, 1812, 17]
2016-12-27 23:59:59 file_miss: 34.011% [81288, 5988, 1812, 17]
2016-12-27 23:59:59 file_miss: 76.351% [81513, 5989, 1812, 17]
file miss ratio between 1% and 5% occurred in 112 days
file miss ratio between 5% and 10% occurred in 29 days
file miss ratio between 10% and 20% occurred in 20 days
file miss ratio between 20% and 30% occurred in 12 days
file miss ratio between 30% and 40% occurred in 9 days
file miss ratio between 40% and 50% occurred in 4 days
file miss ratio between 50% and 60% occurred in 0 days
file miss ratio between 60% and 70% occurred in 5 days
file miss ratio between 70% and 80% occurred in 6 days
file miss ratio between 80% and 90% occurred in 4 days
file miss ratio between 90% and 100% occurred in 6 days
