loading user data...
loading publication data...
loading job data...
start analysis...
PURGE_RST 2016-01-04 23:59:59 97354444 [40431000, 939300, 79600, 76800]
2016-01-04 23:59:59 file_miss: 15.686% [10, 12, 2, 0]
2016-01-04 23:59:59 file_miss: 4.427% [72, 13, 2, 0]
2016-01-04 23:59:59 file_miss: 2.035% [105, 23, 2, 0]
2016-01-04 23:59:59 file_miss: 3.261% [124, 25, 2, 0]
2016-01-04 23:59:59 file_miss: 1.523% [129, 35, 4, 0]
2016-01-04 23:59:59 file_miss: 0.068% [129, 35, 4, 0]
2016-01-04 23:59:59 file_miss: 2.949% [129, 76, 4, 0]
start analysis...
PURGE_RST 2016-01-11 23:59:59 258328 [731500, 543000, 12000, 0]
2016-01-11 23:59:59 file_miss: 6.661% [192, 86, 5, 0]
2016-01-11 23:59:59 file_miss: 13.936% [207, 128, 5, 0]
2016-01-11 23:59:59 file_miss: 0.651% [213, 131, 5, 0]
2016-01-11 23:59:59 file_miss: 0.687% [215, 153, 8, 0]
2016-01-11 23:59:59 file_miss: 0.502% [220, 165, 10, 0]
2016-01-11 23:59:59 file_miss: 1.278% [228, 165, 11, 0]
2016-01-11 23:59:59 file_miss: 0.556% [256, 165, 13, 0]
start analysis...
PURGE_RST 2016-01-18 23:59:59 293384 [725000, 686000, 33000, 0]
2016-01-18 23:59:59 file_miss: 4.578% [297, 168, 215, 0]
2016-01-18 23:59:59 file_miss: 4.852% [346, 169, 228, 0]
2016-01-18 23:59:59 file_miss: 11.541% [349, 547, 230, 0]
2016-01-18 23:59:59 file_miss: 9.549% [350, 882, 231, 0]
2016-01-18 23:59:59 file_miss: 3.444% [352, 1053, 231, 0]
2016-01-18 23:59:59 file_miss: 4.536% [352, 1291, 260, 0]
2016-01-18 23:59:59 file_miss: 0.178% [352, 1295, 260, 0]
start analysis...
PURGE_RST 2016-01-25 23:59:59 1481164 [1697000, 5629500, 49000, 0]
2016-01-25 23:59:59 file_miss: 9.612% [442, 1304, 264, 0]
2016-01-25 23:59:59 file_miss: 2.469% [479, 1312, 264, 0]
2016-01-25 23:59:59 file_miss: 16.184% [480, 1693, 265, 0]
2016-01-25 23:59:59 file_miss: 6.087% [482, 1832, 265, 0]
2016-01-25 23:59:59 file_miss: 3.070% [490, 1869, 266, 0]
2016-01-25 23:59:59 file_miss: 2.667% [491, 1914, 267, 0]
2016-01-25 23:59:59 file_miss: 6.919% [491, 1975, 267, 0]
start analysis...
PURGE_RST 2016-02-01 23:59:59 848984 [432500, 3408000, 339000, 0]
2016-02-01 23:59:59 file_miss: 16.392% [527, 2090, 323, 0]
2016-02-01 23:59:59 file_miss: 16.480% [564, 2434, 324, 1]
2016-02-01 23:59:59 file_miss: 7.828% [571, 2451, 371, 1]
2016-02-01 23:59:59 file_miss: 35.212% [580, 2910, 409, 1]
2016-02-01 23:59:59 file_miss: 93.750% [580, 2925, 409, 1]
2016-02-01 23:59:59 file_miss: 0.000% [580, 2925, 409, 1]
2016-02-01 23:59:59 file_miss: 0.000% [580, 2925, 409, 1]
start analysis...
PURGE_RST 2016-02-08 23:59:59 1237224 [1188000, 4972500, 16500, 5000]
2016-02-08 23:59:59 file_miss: 48.837% [601, 2938, 414, 2]
2016-02-08 23:59:59 file_miss: 15.948% [682, 3308, 414, 2]
2016-02-08 23:59:59 file_miss: 6.923% [717, 3327, 414, 2]
2016-02-08 23:59:59 file_miss: 0.225% [722, 3331, 414, 2]
2016-02-08 23:59:59 file_miss: 6.822% [766, 3396, 417, 2]
2016-02-08 23:59:59 file_miss: 24.706% [776, 3426, 418, 2]
2016-02-08 23:59:59 file_miss: 1.603% [800, 3426, 418, 2]
start analysis...
PURGE_RST 2016-02-15 23:59:59 786100 [1228000, 2674000, 3500, 4500]
2016-02-15 23:59:59 file_miss: 6.321% [900, 3437, 418, 2]
2016-02-15 23:59:59 file_miss: 4.893% [956, 3449, 420, 2]
2016-02-15 23:59:59 file_miss: 0.949% [957, 3453, 421, 2]
2016-02-15 23:59:59 file_miss: 1.180% [988, 3454, 421, 2]
2016-02-15 23:59:59 file_miss: 0.824% [989, 3457, 421, 2]
2016-02-15 23:59:59 file_miss: 0.115% [989, 3458, 421, 2]
2016-02-15 23:59:59 file_miss: 0.411% [991, 3458, 421, 2]
start analysis...
PURGE_RST 2016-02-22 23:59:59 246416 [1043000, 140500, 31000, 0]
2016-02-22 23:59:59 file_miss: 8.339% [1054, 3523, 425, 2]
2016-02-22 23:59:59 file_miss: 23.993% [1097, 3611, 425, 2]
2016-02-22 23:59:59 file_miss: 4.869% [1099, 3619, 425, 5]
2016-02-22 23:59:59 file_miss: 6.773% [1102, 3763, 426, 5]
2016-02-22 23:59:59 file_miss: 26.352% [1102, 4330, 427, 5]
2016-02-22 23:59:59 file_miss: 13.235% [1117, 4331, 427, 5]
2016-02-22 23:59:59 file_miss: 2.924% [1120, 4331, 427, 5]
start analysis...
PURGE_RST 2016-03-01 23:59:59 1051768 [678500, 4442000, 95500, 17500]
2016-03-01 23:59:59 file_miss: 6.149% [1154, 4353, 431, 5]
2016-03-01 23:59:59 file_miss: 11.976% [1198, 4360, 579, 5]
2016-03-01 23:59:59 file_miss: 14.650% [1199, 4365, 618, 5]
2016-03-01 23:59:59 file_miss: 4.809% [1207, 4376, 647, 5]
2016-03-01 23:59:59 file_miss: 0.939% [1209, 4377, 654, 5]
2016-03-01 23:59:59 file_miss: 0.585% [1209, 4377, 657, 5]
2016-03-01 23:59:59 file_miss: 3.044% [1215, 4378, 675, 5]
start analysis...
PURGE_RST 2016-03-08 23:59:59 405412 [438500, 236000, 1322000, 0]
2016-03-08 23:59:59 file_miss: 24.358% [1245, 4398, 879, 5]
2016-03-08 23:59:59 file_miss: 9.580% [1279, 4514, 954, 5]
2016-03-08 23:59:59 file_miss: 3.178% [1296, 4516, 981, 5]
2016-03-08 23:59:59 file_miss: 2.275% [1298, 4516, 1002, 5]
2016-03-08 23:59:59 file_miss: 3.974% [1299, 4516, 1042, 5]
2016-03-08 23:59:59 file_miss: 2.740% [1301, 4516, 1078, 5]
2016-03-08 23:59:59 file_miss: 2.470% [1304, 4518, 1094, 5]
start analysis...
PURGE_RST 2016-03-15 23:59:59 672224 [2531500, 743000, 57500, 7500]
2016-03-15 23:59:59 file_miss: 10.010% [1391, 4526, 1097, 5]
2016-03-15 23:59:59 file_miss: 2.756% [1423, 4528, 1103, 5]
2016-03-15 23:59:59 file_miss: 0.806% [1435, 4530, 1105, 5]
2016-03-15 23:59:59 file_miss: 1.094% [1435, 4537, 1108, 6]
2016-03-15 23:59:59 file_miss: 0.650% [1435, 4537, 1110, 6]
2016-03-15 23:59:59 file_miss: 0.942% [1435, 4543, 1111, 6]
2016-03-15 23:59:59 file_miss: 0.730% [1442, 4545, 1112, 6]
start analysis...
PURGE_RST 2016-03-22 23:59:59 197168 [816500, 122000, 3000, 3500]
2016-03-22 23:59:59 file_miss: 9.510% [1530, 4554, 1112, 6]
2016-03-22 23:59:59 file_miss: 6.431% [1602, 4562, 1112, 6]
2016-03-22 23:59:59 file_miss: 3.582% [1621, 4580, 1112, 6]
2016-03-22 23:59:59 file_miss: 3.993% [1630, 4581, 1112, 6]
2016-03-22 23:59:59 file_miss: 4.215% [1641, 4581, 1112, 6]
2016-03-22 23:59:59 file_miss: 0.250% [1643, 4581, 1112, 6]
2016-03-22 23:59:59 file_miss: 4.049% [1661, 4594, 1113, 6]
start analysis...
PURGE_RST 2016-03-29 23:59:59 313688 [1205000, 257500, 9500, 3000]
2016-03-29 23:59:59 file_miss: 9.524% [1730, 4620, 1114, 6]
2016-03-29 23:59:59 file_miss: 5.367% [1799, 4635, 1114, 6]
2016-03-29 23:59:59 file_miss: 2.963% [1815, 4641, 1116, 6]
2016-03-29 23:59:59 file_miss: 0.842% [1833, 4645, 1116, 6]
2016-03-29 23:59:59 file_miss: 0.022% [1834, 4645, 1116, 6]
2016-03-29 23:59:59 file_miss: 0.313% [1850, 4646, 1116, 6]
2016-03-29 23:59:59 file_miss: 0.513% [1880, 4649, 1118, 6]
start analysis...
PURGE_RST 2016-04-05 23:59:59 305000 [966500, 309500, 249000, 0]
2016-04-05 23:59:59 file_miss: 3.411% [1918, 4655, 1118, 6]
2016-04-05 23:59:59 file_miss: 9.643% [2044, 4668, 1122, 6]
2016-04-05 23:59:59 file_miss: 1.351% [2117, 4672, 1122, 6]
2016-04-05 23:59:59 file_miss: 0.644% [2146, 4675, 1122, 6]
2016-04-05 23:59:59 file_miss: 0.097% [2151, 4676, 1122, 6]
2016-04-05 23:59:59 file_miss: 0.498% [2173, 4676, 1122, 6]
2016-04-05 23:59:59 file_miss: 15.789% [2181, 4731, 1122, 6]
start analysis...
PURGE_RST 2016-04-12 23:59:59 405600 [1589000, 427000, 12000, 0]
2016-04-12 23:59:59 file_miss: 22.165% [2201, 4754, 1122, 6]
2016-04-12 23:59:59 file_miss: 91.332% [9458, 4757, 1122, 6]
2016-04-12 23:59:59 file_miss: 88.321% [17952, 4762, 1123, 6]
2016-04-12 23:59:59 file_miss: 94.552% [23219, 4858, 1123, 6]
2016-04-12 23:59:59 file_miss: 2.174% [23225, 4858, 1124, 6]
2016-04-12 23:59:59 file_miss: 1.410% [23257, 4892, 1124, 6]
2016-04-12 23:59:59 file_miss: 0.965% [23296, 4892, 1124, 6]
start analysis...
PURGE_RST 2016-04-19 23:59:59 29701100 [893500, 764000, 146848000, 0]
2016-04-19 23:59:59 file_miss: 3.409% [23334, 4905, 1133, 6]
2016-04-19 23:59:59 file_miss: 2.116% [23376, 4906, 1139, 6]
2016-04-19 23:59:59 file_miss: 0.271% [23376, 4907, 1141, 6]
2016-04-19 23:59:59 file_miss: 9.084% [23494, 4909, 1142, 6]
2016-04-19 23:59:59 file_miss: 2.368% [23545, 4915, 1142, 6]
2016-04-19 23:59:59 file_miss: 0.310% [23549, 4915, 1162, 6]
2016-04-19 23:59:59 file_miss: 0.403% [23561, 4917, 1163, 6]
start analysis...
PURGE_RST 2016-04-26 23:59:59 350400 [1524500, 112000, 115500, 0]
2016-04-26 23:59:59 file_miss: 0.808% [23563, 4927, 1163, 6]
2016-04-26 23:59:59 file_miss: 2.373% [23567, 4934, 1181, 6]
2016-04-26 23:59:59 file_miss: 0.842% [23569, 4934, 1185, 6]
2016-04-26 23:59:59 file_miss: 2.079% [23572, 4948, 1189, 6]
2016-04-26 23:59:59 file_miss: 0.174% [23584, 4948, 1189, 6]
2016-04-26 23:59:59 file_miss: 1.916% [23662, 4948, 1189, 6]
2016-04-26 23:59:59 file_miss: 1.365% [23674, 4949, 1198, 6]
start analysis...
PURGE_RST 2016-05-03 23:59:59 179600 [545500, 159500, 193000, 0]
2016-05-03 23:59:59 file_miss: 3.448% [23681, 4964, 1198, 7]
2016-05-03 23:59:59 file_miss: 6.231% [23690, 4967, 1207, 7]
2016-05-03 23:59:59 file_miss: 3.928% [23727, 4967, 1207, 7]
2016-05-03 23:59:59 file_miss: 6.981% [23803, 4970, 1211, 7]
2016-05-03 23:59:59 file_miss: 10.294% [23816, 4970, 1212, 7]
2016-05-03 23:59:59 file_miss: 10.450% [23939, 4970, 1212, 7]
2016-05-03 23:59:59 file_miss: 7.383% [24002, 4974, 1221, 7]
start analysis...
PURGE_RST 2016-05-10 23:59:59 392300 [1676000, 114500, 161000, 4000]
2016-05-10 23:59:59 file_miss: 5.952% [24038, 4995, 1238, 7]
2016-05-10 23:59:59 file_miss: 4.583% [24068, 5001, 1240, 8]
2016-05-10 23:59:59 file_miss: 2.508% [24076, 5008, 1250, 8]
2016-05-10 23:59:59 file_miss: 3.283% [24078, 5010, 1274, 8]
2016-05-10 23:59:59 file_miss: 1.657% [24078, 5013, 1274, 8]
2016-05-10 23:59:59 file_miss: 0.756% [24081, 5016, 1274, 8]
2016-05-10 23:59:59 file_miss: 1.662% [24082, 5019, 1283, 8]
start analysis...
PURGE_RST 2016-05-17 23:59:59 197100 [783500, 192000, 4000, 0]
2016-05-17 23:59:59 file_miss: 44.444% [24135, 5062, 1283, 8]
2016-05-17 23:59:59 file_miss: 0.420% [24142, 5068, 1284, 8]
2016-05-17 23:59:59 file_miss: 4.474% [24177, 5073, 1284, 8]
2016-05-17 23:59:59 file_miss: 4.765% [24239, 5075, 1284, 8]
2016-05-17 23:59:59 file_miss: 0.148% [24244, 5076, 1284, 8]
2016-05-17 23:59:59 file_miss: 0.426% [24262, 5076, 1284, 8]
2016-05-17 23:59:59 file_miss: 0.522% [24271, 5077, 1284, 8]
start analysis...
PURGE_RST 2016-05-24 23:59:59 295300 [1139000, 315500, 22000, 0]
2016-05-24 23:59:59 file_miss: 2.618% [24274, 5089, 1289, 8]
2016-05-24 23:59:59 file_miss: 3.951% [24277, 5095, 1292, 8]
2016-05-24 23:59:59 file_miss: 2.956% [24294, 5095, 1293, 8]
2016-05-24 23:59:59 file_miss: 0.686% [24296, 5097, 1293, 8]
2016-05-24 23:59:59 file_miss: 9.130% [24379, 5099, 1293, 8]
2016-05-24 23:59:59 file_miss: 12.105% [24425, 5099, 1293, 8]
2016-05-24 23:59:59 file_miss: 20.177% [24516, 5099, 1293, 8]
start analysis...
PURGE_RST 2016-05-31 23:59:59 274800 [1240000, 98500, 29500, 0]
2016-05-31 23:59:59 file_miss: 24.017% [24560, 5109, 1294, 8]
2016-05-31 23:59:59 file_miss: 5.908% [24645, 5119, 1294, 8]
2016-05-31 23:59:59 file_miss: 5.425% [24688, 5122, 1294, 8]
2016-05-31 23:59:59 file_miss: 0.913% [24712, 5123, 1294, 8]
2016-05-31 23:59:59 file_miss: 19.835% [24781, 5126, 1294, 8]
2016-05-31 23:59:59 file_miss: 6.085% [24887, 5126, 1294, 8]
2016-05-31 23:59:59 file_miss: 2.781% [24930, 5129, 1294, 8]
start analysis...
PURGE_RST 2016-06-07 23:59:59 467400 [2194500, 134000, 8500, 0]
2016-06-07 23:59:59 file_miss: 13.308% [25129, 5139, 1295, 8]
2016-06-07 23:59:59 file_miss: 4.217% [25188, 5145, 1296, 8]
2016-06-07 23:59:59 file_miss: 1.852% [25221, 5148, 1296, 9]
2016-06-07 23:59:59 file_miss: 3.721% [25309, 5149, 1296, 9]
2016-06-07 23:59:59 file_miss: 6.709% [25341, 5149, 1296, 9]
2016-06-07 23:59:59 file_miss: 2.974% [25407, 5149, 1296, 9]
2016-06-07 23:59:59 file_miss: 1.585% [25429, 5151, 1299, 9]
start analysis...
PURGE_RST 2016-06-14 23:59:59 554700 [2640500, 108500, 17500, 0]
2016-06-14 23:59:59 file_miss: 4.815% [25514, 5162, 1303, 9]
2016-06-14 23:59:59 file_miss: 3.998% [25576, 5165, 1305, 9]
2016-06-14 23:59:59 file_miss: 1.582% [25599, 5170, 1306, 9]
2016-06-14 23:59:59 file_miss: 5.912% [25680, 5180, 1308, 9]
2016-06-14 23:59:59 file_miss: 29.862% [25832, 5180, 1308, 9]
2016-06-14 23:59:59 file_miss: 8.693% [25971, 5195, 1309, 9]
2016-06-14 23:59:59 file_miss: 2.303% [26126, 5221, 1314, 9]
start analysis...
PURGE_RST 2016-06-21 23:59:59 809900 [3670500, 348500, 30500, 0]
2016-06-21 23:59:59 file_miss: 5.115% [26242, 5264, 1318, 9]
2016-06-21 23:59:59 file_miss: 9.350% [26397, 5273, 1318, 9]
2016-06-21 23:59:59 file_miss: 1.876% [26460, 5276, 1318, 9]
2016-06-21 23:59:59 file_miss: 0.588% [26498, 5284, 1323, 9]
2016-06-21 23:59:59 file_miss: 0.312% [26518, 5284, 1323, 9]
2016-06-21 23:59:59 file_miss: 0.043% [26519, 5284, 1324, 9]
2016-06-21 23:59:59 file_miss: 0.375% [26520, 5286, 1326, 9]
start analysis...
PURGE_RST 2016-06-28 23:59:59 498900 [2125000, 316000, 48000, 0]
2016-06-28 23:59:59 file_miss: 42.336% [26565, 5297, 1328, 9]
2016-06-28 23:59:59 file_miss: 9.023% [26566, 5308, 1328, 9]
2016-06-28 23:59:59 file_miss: 7.576% [26571, 5311, 1330, 9]
2016-06-28 23:59:59 file_miss: 2.618% [26576, 5327, 1330, 9]
2016-06-28 23:59:59 file_miss: 0.135% [26581, 5327, 1336, 9]
2016-06-28 23:59:59 file_miss: 0.170% [26581, 5327, 1347, 9]
2016-06-28 23:59:59 file_miss: 0.000% [26581, 5327, 1347, 9]
start analysis...
PURGE_RST 2016-07-05 23:59:59 127000 [444000, 187000, 0, 4000]
2016-07-05 23:59:59 file_miss: 0.432% [26588, 5348, 1347, 10]
2016-07-05 23:59:59 file_miss: 0.091% [26591, 5349, 1348, 10]
2016-07-05 23:59:59 file_miss: 0.601% [26615, 5352, 1349, 10]
2016-07-05 23:59:59 file_miss: 0.994% [26700, 5355, 1353, 10]
2016-07-05 23:59:59 file_miss: 0.270% [26714, 5356, 1353, 10]
2016-07-05 23:59:59 file_miss: 0.317% [26742, 5357, 1353, 10]
2016-07-05 23:59:59 file_miss: 0.117% [26747, 5358, 1353, 10]
start analysis...
PURGE_RST 2016-07-12 23:59:59 227400 [960500, 132500, 34000, 10000]
2016-07-12 23:59:59 file_miss: 8.981% [26772, 5370, 1353, 10]
2016-07-12 23:59:59 file_miss: 1.837% [26775, 5381, 1353, 10]
2016-07-12 23:59:59 file_miss: 2.378% [26810, 5384, 1353, 10]
2016-07-12 23:59:59 file_miss: 4.242% [26862, 5386, 1354, 11]
2016-07-12 23:59:59 file_miss: 11.836% [26911, 5386, 1354, 11]
2016-07-12 23:59:59 file_miss: 0.193% [26914, 5386, 1354, 11]
2016-07-12 23:59:59 file_miss: 0.489% [26920, 5396, 1355, 11]
start analysis...
PURGE_RST 2016-07-19 23:59:59 240000 [935500, 183000, 77500, 4000]
2016-07-19 23:59:59 file_miss: 3.956% [26962, 5408, 1358, 11]
2016-07-19 23:59:59 file_miss: 2.158% [26970, 5423, 1365, 14]
2016-07-19 23:59:59 file_miss: 3.916% [27026, 5425, 1367, 14]
2016-07-19 23:59:59 file_miss: 4.739% [27049, 5432, 1367, 14]
2016-07-19 23:59:59 file_miss: 0.049% [27049, 5432, 1367, 15]
2016-07-19 23:59:59 file_miss: 0.469% [27071, 5432, 1367, 15]
2016-07-19 23:59:59 file_miss: 0.969% [27071, 5469, 1376, 15]
start analysis...
PURGE_RST 2016-07-26 23:59:59 292400 [1011000, 405500, 41500, 4000]
2016-07-26 23:59:59 file_miss: 3.339% [27156, 5486, 1377, 15]
2016-07-26 23:59:59 file_miss: 1.770% [27187, 5521, 1380, 18]
2016-07-26 23:59:59 file_miss: 1.086% [27206, 5561, 1384, 21]
2016-07-26 23:59:59 file_miss: 1.943% [27209, 5631, 1384, 21]
2016-07-26 23:59:59 file_miss: 0.048% [27209, 5633, 1384, 21]
2016-07-26 23:59:59 file_miss: 0.000% [27209, 5633, 1384, 21]
2016-07-26 23:59:59 file_miss: 0.062% [27210, 5633, 1386, 21]
start analysis...
PURGE_RST 2016-08-02 23:59:59 333900 [906500, 755500, 3500, 4000]
2016-08-02 23:59:59 file_miss: 1.631% [27272, 5651, 1387, 21]
2016-08-02 23:59:59 file_miss: 1.694% [27338, 5651, 1387, 21]
2016-08-02 23:59:59 file_miss: 0.895% [27372, 5653, 1387, 21]
2016-08-02 23:59:59 file_miss: 3.102% [27415, 5655, 1387, 22]
2016-08-02 23:59:59 file_miss: 0.166% [27415, 5656, 1387, 22]
2016-08-02 23:59:59 file_miss: 0.411% [27428, 5658, 1387, 22]
2016-08-02 23:59:59 file_miss: 0.283% [27441, 5660, 1387, 22]
start analysis...
PURGE_RST 2016-08-09 23:59:59 261124 [1150500, 124500, 3000, 0]
2016-08-09 23:59:59 file_miss: 2.152% [27518, 5677, 1387, 22]
2016-08-09 23:59:59 file_miss: 0.730% [27542, 5682, 1387, 22]
2016-08-09 23:59:59 file_miss: 1.107% [27550, 5684, 1387, 22]
2016-08-09 23:59:59 file_miss: 5.046% [27571, 5685, 1387, 22]
2016-08-09 23:59:59 file_miss: 0.000% [27571, 5685, 1387, 22]
2016-08-09 23:59:59 file_miss: 0.153% [27574, 5685, 1387, 22]
2016-08-09 23:59:59 file_miss: 6.362% [27611, 5687, 1387, 22]
start analysis...
PURGE_RST 2016-08-16 23:59:59 204992 [886500, 114000, 16000, 4000]
2016-08-16 23:59:59 file_miss: 7.083% [27646, 5709, 1387, 22]
2016-08-16 23:59:59 file_miss: 10.550% [27678, 5748, 1387, 22]
2016-08-16 23:59:59 file_miss: 0.713% [27682, 5749, 1387, 23]
2016-08-16 23:59:59 file_miss: 0.619% [27685, 5749, 1387, 23]
2016-08-16 23:59:59 file_miss: 6.957% [27713, 5751, 1387, 23]
2016-08-16 23:59:59 file_miss: 0.206% [27715, 5752, 1387, 23]
2016-08-16 23:59:59 file_miss: 1.047% [27718, 5752, 1390, 23]
start analysis...
PURGE_RST 2016-08-23 23:59:59 188760 [629500, 280500, 23500, 4000]
2016-08-23 23:59:59 file_miss: 51.064% [27782, 5760, 1390, 23]
2016-08-23 23:59:59 file_miss: 1.988% [27787, 5762, 1393, 23]
2016-08-23 23:59:59 file_miss: 4.659% [27796, 5779, 1393, 23]
2016-08-23 23:59:59 file_miss: 10.653% [27826, 5779, 1393, 24]
2016-08-23 23:59:59 file_miss: 0.660% [27827, 5779, 1393, 24]
2016-08-23 23:59:59 file_miss: 0.692% [27828, 5779, 1394, 24]
2016-08-23 23:59:59 file_miss: 7.639% [27849, 5779, 1395, 24]
start analysis...
PURGE_RST 2016-08-30 23:59:59 167900 [686500, 129000, 15000, 4000]
2016-08-30 23:59:59 file_miss: 4.508% [27852, 5802, 1396, 24]
2016-08-30 23:59:59 file_miss: 4.409% [27875, 5805, 1398, 24]
2016-08-30 23:59:59 file_miss: 5.174% [27968, 5805, 1398, 25]
2016-08-30 23:59:59 file_miss: 0.495% [27971, 5807, 1398, 25]
2016-08-30 23:59:59 file_miss: 0.107% [27972, 5808, 1398, 25]
2016-08-30 23:59:59 file_miss: 0.000% [27972, 5808, 1398, 25]
2016-08-30 23:59:59 file_miss: 0.066% [27973, 5808, 1398, 25]
start analysis...
PURGE_RST 2016-09-06 23:59:59 177700 [729500, 146500, 3500, 4000]
2016-09-06 23:59:59 file_miss: 4.103% [28009, 5817, 1398, 26]
2016-09-06 23:59:59 file_miss: 25.000% [28014, 5867, 1398, 26]
2016-09-06 23:59:59 file_miss: 4.450% [28043, 5923, 1398, 26]
2016-09-06 23:59:59 file_miss: 1.332% [28045, 5935, 1398, 26]
2016-09-06 23:59:59 file_miss: 1.164% [28046, 5943, 1398, 26]
2016-09-06 23:59:59 file_miss: 0.900% [28058, 5943, 1398, 26]
2016-09-06 23:59:59 file_miss: 8.114% [28093, 5982, 1398, 26]
start analysis...
PURGE_RST 2016-09-13 23:59:59 291400 [625000, 784000, 44000, 4000]
2016-09-13 23:59:59 file_miss: 5.837% [28160, 5994, 1402, 27]
2016-09-13 23:59:59 file_miss: 6.280% [28194, 6013, 1402, 27]
2016-09-13 23:59:59 file_miss: 11.845% [28198, 6027, 1583, 27]
2016-09-13 23:59:59 file_miss: 2.321% [28204, 6042, 1583, 28]
2016-09-13 23:59:59 file_miss: 23.035% [28288, 6043, 1583, 28]
2016-09-13 23:59:59 file_miss: 76.605% [33366, 6047, 1583, 28]
2016-09-13 23:59:59 file_miss: 85.387% [40105, 6063, 1583, 28]
start analysis...
PURGE_RST 2016-09-20 23:59:59 16888280 [82673500, 347500, 1411000, 8000]
2016-09-20 23:59:59 file_miss: 72.302% [43964, 6091, 1588, 28]
2016-09-20 23:59:59 file_miss: 79.379% [49910, 6122, 1589, 28]
2016-09-20 23:59:59 file_miss: 34.358% [50898, 6155, 1619, 28]
2016-09-20 23:59:59 file_miss: 35.372% [53552, 6162, 1665, 28]
2016-09-20 23:59:59 file_miss: 52.974% [57904, 6164, 1729, 28]
2016-09-20 23:59:59 file_miss: 70.511% [61424, 6167, 1783, 28]
2016-09-20 23:59:59 file_miss: 2.246% [61424, 6175, 1792, 28]
start analysis...
PURGE_RST 2016-09-27 23:59:59 30077680 [149868500, 485500, 30000, 0]
2016-09-27 23:59:59 file_miss: 6.993% [61492, 6219, 1793, 28]
2016-09-27 23:59:59 file_miss: 12.249% [61535, 6291, 1793, 29]
2016-09-27 23:59:59 file_miss: 3.616% [61539, 6333, 1798, 29]
2016-09-27 23:59:59 file_miss: 4.578% [61554, 6356, 1798, 29]
2016-09-27 23:59:59 file_miss: 0.971% [61555, 6359, 1798, 29]
2016-09-27 23:59:59 file_miss: 0.138% [61556, 6360, 1798, 29]
2016-09-27 23:59:59 file_miss: 3.248% [61567, 6382, 1798, 29]
start analysis...
PURGE_RST 2016-10-04 23:59:59 347400 [783500, 926000, 22500, 0]
2016-10-04 23:59:59 file_miss: 5.240% [61621, 6398, 1798, 29]
2016-10-04 23:59:59 file_miss: 7.080% [61678, 6404, 1799, 29]
2016-10-04 23:59:59 file_miss: 3.178% [61718, 6411, 1799, 29]
2016-10-04 23:59:59 file_miss: 2.420% [61719, 6430, 1800, 29]
2016-10-04 23:59:59 file_miss: 1.342% [61719, 6432, 1800, 29]
2016-10-04 23:59:59 file_miss: 0.075% [61719, 6433, 1800, 29]
2016-10-04 23:59:59 file_miss: 0.837% [61721, 6438, 1800, 29]
start analysis...
PURGE_RST 2016-10-11 23:59:59 228540 [872500, 245000, 15500, 0]
2016-10-11 23:59:59 file_miss: 4.476% [61773, 6450, 1800, 29]
2016-10-11 23:59:59 file_miss: 4.116% [61804, 6450, 1802, 29]
2016-10-11 23:59:59 file_miss: 0.437% [61805, 6450, 1804, 29]
2016-10-11 23:59:59 file_miss: 0.388% [61805, 6453, 1804, 29]
2016-10-11 23:59:59 file_miss: 0.000% [61805, 6453, 1804, 29]
2016-10-11 23:59:59 file_miss: 0.358% [61805, 6455, 1807, 29]
2016-10-11 23:59:59 file_miss: 0.249% [61805, 6457, 1807, 29]
start analysis...
PURGE_RST 2016-10-18 23:59:59 131900 [544500, 82000, 17000, 0]
2016-10-18 23:59:59 file_miss: 7.306% [61805, 6472, 1808, 29]
2016-10-18 23:59:59 file_miss: 13.538% [61818, 6500, 1810, 29]
2016-10-18 23:59:59 file_miss: 1.455% [61818, 6501, 1813, 29]
2016-10-18 23:59:59 file_miss: 3.874% [61830, 6509, 1825, 29]
2016-10-18 23:59:59 file_miss: 3.759% [61844, 6510, 1825, 29]
2016-10-18 23:59:59 file_miss: 5.804% [61899, 6551, 1825, 29]
2016-10-18 23:59:59 file_miss: 6.720% [61938, 6572, 1832, 29]
start analysis...
PURGE_RST 2016-10-25 23:59:59 263200 [712000, 502000, 96000, 0]
2016-10-25 23:59:59 file_miss: 16.842% [61938, 6582, 1838, 29]
2016-10-25 23:59:59 file_miss: 50.238% [62243, 6586, 1846, 29]
2016-10-25 23:59:59 file_miss: 4.219% [62297, 6589, 1849, 29]
2016-10-25 23:59:59 file_miss: 6.167% [62333, 6602, 1856, 29]
2016-10-25 23:59:59 file_miss: 1.456% [62333, 6602, 1859, 29]
2016-10-25 23:59:59 file_miss: 0.148% [62334, 6603, 1859, 29]
2016-10-25 23:59:59 file_miss: 1.019% [62334, 6605, 1865, 29]
start analysis...
PURGE_RST 2016-11-01 23:59:59 465300 [2033000, 162500, 131000, 0]
2016-11-01 23:59:59 file_miss: 5.355% [62390, 6616, 1878, 29]
2016-11-01 23:59:59 file_miss: 4.697% [62429, 6620, 1887, 29]
2016-11-01 23:59:59 file_miss: 1.039% [62433, 6624, 1895, 29]
2016-11-01 23:59:59 file_miss: 3.380% [62433, 6653, 1902, 29]
2016-11-01 23:59:59 file_miss: 4.622% [62433, 6663, 1903, 29]
2016-11-01 23:59:59 file_miss: 0.295% [62433, 6667, 1903, 29]
2016-11-01 23:59:59 file_miss: 1.067% [62435, 6667, 1911, 29]
start analysis...
PURGE_RST 2016-11-08 23:59:59 215100 [587000, 272500, 216000, 0]
2016-11-08 23:59:59 file_miss: 51.429% [62459, 6707, 1919, 29]
2016-11-08 23:59:59 file_miss: 5.761% [62462, 6710, 1927, 29]
2016-11-08 23:59:59 file_miss: 14.162% [62469, 6741, 1938, 29]
2016-11-08 23:59:59 file_miss: 11.401% [62474, 6763, 1946, 29]
2016-11-08 23:59:59 file_miss: 6.207% [62475, 6780, 1946, 29]
2016-11-08 23:59:59 file_miss: 4.425% [62479, 6786, 1946, 29]
2016-11-08 23:59:59 file_miss: 7.080% [62482, 6791, 1954, 29]
start analysis...
PURGE_RST 2016-11-15 23:59:59 201800 [242000, 567000, 200000, 0]
2016-11-15 23:59:59 file_miss: 5.738% [62542, 6806, 1963, 29]
2016-11-15 23:59:59 file_miss: 7.356% [62573, 6807, 1963, 29]
2016-11-15 23:59:59 file_miss: 3.936% [62580, 6842, 1963, 29]
2016-11-15 23:59:59 file_miss: 1.968% [62595, 6843, 1963, 29]
2016-11-15 23:59:59 file_miss: 0.552% [62595, 6844, 1963, 29]
2016-11-15 23:59:59 file_miss: 0.073% [62595, 6845, 1963, 29]
2016-11-15 23:59:59 file_miss: 1.440% [62602, 6845, 1963, 29]
start analysis...
PURGE_RST 2016-11-22 23:59:59 200500 [714500, 237000, 51000, 0]
2016-11-22 23:59:59 file_miss: 4.492% [62658, 6861, 1964, 29]
2016-11-22 23:59:59 file_miss: 7.143% [62663, 6875, 1964, 29]
2016-11-22 23:59:59 file_miss: 0.189% [62666, 6875, 1964, 29]
2016-11-22 23:59:59 file_miss: 3.440% [62695, 6875, 1964, 29]
2016-11-22 23:59:59 file_miss: 0.368% [62696, 6875, 1964, 29]
2016-11-22 23:59:59 file_miss: 0.000% [62696, 6875, 1964, 29]
2016-11-22 23:59:59 file_miss: 1.203% [62697, 6883, 1964, 30]
start analysis...
PURGE_RST 2016-11-29 23:59:59 149600 [569000, 167000, 12000, 0]
2016-11-29 23:59:59 file_miss: 5.165% [62757, 6897, 1965, 30]
2016-11-29 23:59:59 file_miss: 4.008% [62793, 6900, 1965, 30]
2016-11-29 23:59:59 file_miss: 0.292% [62793, 6904, 1965, 30]
2016-11-29 23:59:59 file_miss: 0.257% [62794, 6905, 1965, 30]
2016-11-29 23:59:59 file_miss: 0.000% [62794, 6905, 1965, 30]
2016-11-29 23:59:59 file_miss: 0.149% [62794, 6907, 1965, 30]
2016-11-29 23:59:59 file_miss: 1.305% [62795, 6916, 1965, 30]
start analysis...
PURGE_RST 2016-12-06 23:59:59 147600 [584500, 145000, 8500, 0]
2016-12-06 23:59:59 file_miss: 4.863% [62847, 6927, 1965, 30]
2016-12-06 23:59:59 file_miss: 4.592% [62876, 6933, 1966, 30]
2016-12-06 23:59:59 file_miss: 12.223% [63048, 6942, 1967, 30]
2016-12-06 23:59:59 file_miss: 71.683% [64894, 6944, 1967, 30]
2016-12-06 23:59:59 file_miss: 91.705% [66276, 6944, 1967, 30]
2016-12-06 23:59:59 file_miss: 21.490% [66651, 6944, 1967, 30]
2016-12-06 23:59:59 file_miss: 61.616% [67936, 6944, 1971, 30]
start analysis...
PURGE_RST 2016-12-13 23:59:59 4136600 [20545500, 119000, 13500, 0]
2016-12-13 23:59:59 file_miss: 33.704% [68595, 6950, 1971, 30]
2016-12-13 23:59:59 file_miss: 66.479% [70015, 6950, 1971, 30]
2016-12-13 23:59:59 file_miss: 81.279% [75898, 6950, 1971, 30]
2016-12-13 23:59:59 file_miss: 87.092% [80836, 6951, 1971, 30]
2016-12-13 23:59:59 file_miss: 94.346% [82271, 6951, 1971, 30]
2016-12-13 23:59:59 file_miss: 28.867% [82801, 6951, 1971, 30]
2016-12-13 23:59:59 file_miss: 61.091% [83998, 6952, 1971, 30]
start analysis...
PURGE_RST 2016-12-20 23:59:59 12873400 [64324500, 32500, 5000, 0]
2016-12-20 23:59:59 file_miss: 43.075% [84922, 6958, 1971, 30]
2016-12-20 23:59:59 file_miss: 46.960% [85538, 6960, 1971, 30]
2016-12-20 23:59:59 file_miss: 39.064% [86380, 6960, 1972, 30]
2016-12-20 23:59:59 file_miss: 67.219% [87272, 6960, 1972, 30]
2016-12-20 23:59:59 file_miss: 95.657% [89034, 6960, 1972, 30]
2016-12-20 23:59:59 file_miss: 77.223% [93394, 6960, 1972, 30]
2016-12-20 23:59:59 file_miss: 73.193% [95338, 6960, 1972, 30]
start analysis...
PURGE_RST 2016-12-27 23:59:59 9118500 [45554500, 33500, 4500, 0]
2016-12-27 23:59:59 file_miss: 31.135% [95888, 6966, 1973, 30]
2016-12-27 23:59:59 file_miss: 25.027% [96117, 6966, 1973, 30]
2016-12-27 23:59:59 file_miss: 39.225% [96947, 6966, 1973, 30]
2016-12-27 23:59:59 file_miss: 34.011% [97315, 6966, 1973, 30]
2016-12-27 23:59:59 file_miss: 76.351% [97540, 6967, 1973, 30]
file miss ratio between 1% and 5% occurred in 124 days
file miss ratio between 5% and 10% occurred in 59 days
file miss ratio between 10% and 20% occurred in 27 days
file miss ratio between 20% and 30% occurred in 13 days
file miss ratio between 30% and 40% occurred in 8 days
file miss ratio between 40% and 50% occurred in 5 days
file miss ratio between 50% and 60% occurred in 4 days
file miss ratio between 60% and 70% occurred in 4 days
file miss ratio between 70% and 80% occurred in 8 days
file miss ratio between 80% and 90% occurred in 4 days
file miss ratio between 90% and 100% occurred in 6 days
